<?xml version="1.0" encoding="UTF-8"?>
<testsuite xmlns:xsi="http://www.w3.org/2001/XMLSchema-instance" xsi:noNamespaceSchemaLocation="https://maven.apache.org/surefire/maven-surefire-plugin/xsd/surefire-test-report-3.0.xsd" version="3.0" name="org.sonar.samples.java.checks.MyCustomSubscriptionRuleTest" time="0.168" tests="1" errors="0" skipped="0" failures="0">
  <properties>
    <property name="sun.desktop" value="windows"/>
    <property name="awt.toolkit" value="sun.awt.windows.WToolkit"/>
    <property name="java.specification.version" value="11"/>
    <property name="sun.cpu.isalist" value="amd64"/>
    <property name="sun.jnu.encoding" value="Cp1252"/>
    <property name="java.class.path" value="C:\Akhil_Folder\sonar-custom-rules-examples-master\java-custom-rules\target\test-classes;C:\Akhil_Folder\sonar-custom-rules-examples-master\java-custom-rules\target\classes;C:\Users\LENOVO\.m2\repository\org\sonarsource\sonarqube\sonar-plugin-api\7.7\sonar-plugin-api-7.7.jar;C:\Users\LENOVO\.m2\repository\org\sonarsource\java\sonar-java-plugin\5.12.1.17771\sonar-java-plugin-5.12.1.17771.jar;C:\Users\LENOVO\.m2\repository\org\sonarsource\java\java-surefire\5.12.1.17771\java-surefire-5.12.1.17771.jar;C:\Users\LENOVO\.m2\repository\com\fasterxml\staxmate\staxmate\2.3.1\staxmate-2.3.1.jar;C:\Users\LENOVO\.m2\repository\org\codehaus\woodstox\stax2-api\3.1.4\stax2-api-3.1.4.jar;C:\Users\LENOVO\.m2\repository\org\sonarsource\analyzer-commons\sonar-xml-parsing\1.10.2.456\sonar-xml-parsing-1.10.2.456.jar;C:\Users\LENOVO\.m2\repository\org\sonarsource\analyzer-commons\sonar-analyzer-test-commons\1.10.2.456\sonar-analyzer-test-commons-1.10.2.456.jar;C:\Users\LENOVO\.m2\repository\xerces\xercesImpl\2.12.0\xercesImpl-2.12.0.jar;C:\Users\LENOVO\.m2\repository\xml-apis\xml-apis\1.4.01\xml-apis-1.4.01.jar;C:\Users\LENOVO\.m2\repository\com\fasterxml\woodstox\woodstox-core\5.2.0\woodstox-core-5.2.0.jar;C:\Users\LENOVO\.m2\repository\org\sonarsource\java\java-jacoco\5.12.1.17771\java-jacoco-5.12.1.17771.jar;C:\Users\LENOVO\.m2\repository\org\jacoco\org.jacoco.core\0.8.3\org.jacoco.core-0.8.3.jar;C:\Users\LENOVO\.m2\repository\org\ow2\asm\asm\7.0\asm-7.0.jar;C:\Users\LENOVO\.m2\repository\org\sonarsource\java\java-frontend\5.12.1.17771\java-frontend-5.12.1.17771.jar;C:\Users\LENOVO\.m2\repository\org\ow2\asm\asm-commons\7.1\asm-commons-7.1.jar;C:\Users\LENOVO\.m2\repository\org\ow2\asm\asm-tree\7.1\asm-tree-7.1.jar;C:\Users\LENOVO\.m2\repository\org\ow2\asm\asm-analysis\7.1\asm-analysis-7.1.jar;C:\Users\LENOVO\.m2\repository\org\ow2\asm\asm-util\7.1\asm-util-7.1.jar;C:\Users\LENOVO\.m2\repository\org\sonarsource\java\java-checks\5.12.1.17771\java-checks-5.12.1.17771.jar;C:\Users\LENOVO\.m2\repository\org\sonarsource\analyzer-commons\sonar-analyzer-recognizers\1.10.2.456\sonar-analyzer-recognizers-1.10.2.456.jar;C:\Users\LENOVO\.m2\repository\org\sonarsource\java\external-reports\5.12.1.17771\external-reports-5.12.1.17771.jar;C:\Users\LENOVO\.m2\repository\org\sonarsource\analyzer-commons\sonar-analyzer-commons\1.10.2.456\sonar-analyzer-commons-1.10.2.456.jar;C:\Users\LENOVO\.m2\repository\org\sonarsource\sslr-squid-bridge\sslr-squid-bridge\2.6.1\sslr-squid-bridge-2.6.1.jar;C:\Users\LENOVO\.m2\repository\org\picocontainer\picocontainer\2.14.1\picocontainer-2.14.1.jar;C:\Users\LENOVO\.m2\repository\org\sonarsource\java\java-checks-testkit\5.12.1.17771\java-checks-testkit-5.12.1.17771.jar;C:\Users\LENOVO\.m2\repository\com\google\code\findbugs\jsr305\1.3.9\jsr305-1.3.9.jar;C:\Users\LENOVO\.m2\repository\com\google\code\gson\gson\2.6.2\gson-2.6.2.jar;C:\Users\LENOVO\.m2\repository\org\sonarsource\sslr\sslr-testing-harness\1.21\sslr-testing-harness-1.21.jar;C:\Users\LENOVO\.m2\repository\org\sonarsource\sslr\sslr-core\1.21\sslr-core-1.21.jar;C:\Users\LENOVO\.m2\repository\cglib\cglib-nodep\3.1\cglib-nodep-3.1.jar;C:\Users\LENOVO\.m2\repository\org\sonarsource\sslr\sslr-toolkit\1.21\sslr-toolkit-1.21.jar;C:\Users\LENOVO\.m2\repository\org\sonarsource\sslr\sslr-xpath\1.21\sslr-xpath-1.21.jar;C:\Users\LENOVO\.m2\repository\jaxen\jaxen\1.1.4\jaxen-1.1.4.jar;C:\Users\LENOVO\.m2\repository\org\codehaus\sonar\sonar-colorizer\3.7\sonar-colorizer-3.7.jar;C:\Users\LENOVO\.m2\repository\org\codehaus\sonar\sonar-channel\3.7\sonar-channel-3.7.jar;C:\Users\LENOVO\.m2\repository\commons-io\commons-io\2.4\commons-io-2.4.jar;C:\Users\LENOVO\.m2\repository\org\easytesting\fest-assert\1.4\fest-assert-1.4.jar;C:\Users\LENOVO\.m2\repository\org\easytesting\fest-util\1.1.6\fest-util-1.1.6.jar;C:\Users\LENOVO\.m2\repository\org\hamcrest\hamcrest-all\1.1\hamcrest-all-1.1.jar;C:\Users\LENOVO\.m2\repository\commons-lang\commons-lang\2.6\commons-lang-2.6.jar;C:\Users\LENOVO\.m2\repository\com\google\guava\guava\19.0\guava-19.0.jar;C:\Users\LENOVO\.m2\repository\org\slf4j\slf4j-api\1.6.2\slf4j-api-1.6.2.jar;C:\Users\LENOVO\.m2\repository\junit\junit\4.11\junit-4.11.jar;C:\Users\LENOVO\.m2\repository\org\hamcrest\hamcrest-core\1.3\hamcrest-core-1.3.jar;C:\Users\LENOVO\.m2\repository\org\assertj\assertj-core\3.6.1\assertj-core-3.6.1.jar;C:\Users\LENOVO\.m2\repository\ch\qos\logback\logback-classic\0.9.30\logback-classic-0.9.30.jar;C:\Users\LENOVO\.m2\repository\ch\qos\logback\logback-core\0.9.30\logback-core-0.9.30.jar;"/>
    <property name="java.vm.vendor" value="Oracle Corporation"/>
    <property name="sun.arch.data.model" value="64"/>
    <property name="user.variant" value=""/>
    <property name="java.vendor.url" value="http://java.oracle.com/"/>
    <property name="user.timezone" value="Asia/Calcutta"/>
    <property name="java.vm.specification.version" value="11"/>
    <property name="os.name" value="Windows 10"/>
    <property name="sun.java.launcher" value="SUN_STANDARD"/>
    <property name="user.country" value="US"/>
    <property name="sun.boot.library.path" value="C:\Program Files\Java\jdk-11.0.4\bin"/>
    <property name="sun.java.command" value="C:\Users\LENOVO\AppData\Local\Temp\surefire10778375591745893488\surefirebooter2796785548483613800.jar C:\Users\LENOVO\AppData\Local\Temp\surefire10778375591745893488 2020-03-05T10-59-10_662-jvmRun1 surefire5182777007950378093tmp surefire_0215614146599210024tmp"/>
    <property name="jdk.debug" value="release"/>
    <property name="surefire.test.class.path" value="C:\Akhil_Folder\sonar-custom-rules-examples-master\java-custom-rules\target\test-classes;C:\Akhil_Folder\sonar-custom-rules-examples-master\java-custom-rules\target\classes;C:\Users\LENOVO\.m2\repository\org\sonarsource\sonarqube\sonar-plugin-api\7.7\sonar-plugin-api-7.7.jar;C:\Users\LENOVO\.m2\repository\org\sonarsource\java\sonar-java-plugin\5.12.1.17771\sonar-java-plugin-5.12.1.17771.jar;C:\Users\LENOVO\.m2\repository\org\sonarsource\java\java-surefire\5.12.1.17771\java-surefire-5.12.1.17771.jar;C:\Users\LENOVO\.m2\repository\com\fasterxml\staxmate\staxmate\2.3.1\staxmate-2.3.1.jar;C:\Users\LENOVO\.m2\repository\org\codehaus\woodstox\stax2-api\3.1.4\stax2-api-3.1.4.jar;C:\Users\LENOVO\.m2\repository\org\sonarsource\analyzer-commons\sonar-xml-parsing\1.10.2.456\sonar-xml-parsing-1.10.2.456.jar;C:\Users\LENOVO\.m2\repository\org\sonarsource\analyzer-commons\sonar-analyzer-test-commons\1.10.2.456\sonar-analyzer-test-commons-1.10.2.456.jar;C:\Users\LENOVO\.m2\repository\xerces\xercesImpl\2.12.0\xercesImpl-2.12.0.jar;C:\Users\LENOVO\.m2\repository\xml-apis\xml-apis\1.4.01\xml-apis-1.4.01.jar;C:\Users\LENOVO\.m2\repository\com\fasterxml\woodstox\woodstox-core\5.2.0\woodstox-core-5.2.0.jar;C:\Users\LENOVO\.m2\repository\org\sonarsource\java\java-jacoco\5.12.1.17771\java-jacoco-5.12.1.17771.jar;C:\Users\LENOVO\.m2\repository\org\jacoco\org.jacoco.core\0.8.3\org.jacoco.core-0.8.3.jar;C:\Users\LENOVO\.m2\repository\org\ow2\asm\asm\7.0\asm-7.0.jar;C:\Users\LENOVO\.m2\repository\org\sonarsource\java\java-frontend\5.12.1.17771\java-frontend-5.12.1.17771.jar;C:\Users\LENOVO\.m2\repository\org\ow2\asm\asm-commons\7.1\asm-commons-7.1.jar;C:\Users\LENOVO\.m2\repository\org\ow2\asm\asm-tree\7.1\asm-tree-7.1.jar;C:\Users\LENOVO\.m2\repository\org\ow2\asm\asm-analysis\7.1\asm-analysis-7.1.jar;C:\Users\LENOVO\.m2\repository\org\ow2\asm\asm-util\7.1\asm-util-7.1.jar;C:\Users\LENOVO\.m2\repository\org\sonarsource\java\java-checks\5.12.1.17771\java-checks-5.12.1.17771.jar;C:\Users\LENOVO\.m2\repository\org\sonarsource\analyzer-commons\sonar-analyzer-recognizers\1.10.2.456\sonar-analyzer-recognizers-1.10.2.456.jar;C:\Users\LENOVO\.m2\repository\org\sonarsource\java\external-reports\5.12.1.17771\external-reports-5.12.1.17771.jar;C:\Users\LENOVO\.m2\repository\org\sonarsource\analyzer-commons\sonar-analyzer-commons\1.10.2.456\sonar-analyzer-commons-1.10.2.456.jar;C:\Users\LENOVO\.m2\repository\org\sonarsource\sslr-squid-bridge\sslr-squid-bridge\2.6.1\sslr-squid-bridge-2.6.1.jar;C:\Users\LENOVO\.m2\repository\org\picocontainer\picocontainer\2.14.1\picocontainer-2.14.1.jar;C:\Users\LENOVO\.m2\repository\org\sonarsource\java\java-checks-testkit\5.12.1.17771\java-checks-testkit-5.12.1.17771.jar;C:\Users\LENOVO\.m2\repository\com\google\code\findbugs\jsr305\1.3.9\jsr305-1.3.9.jar;C:\Users\LENOVO\.m2\repository\com\google\code\gson\gson\2.6.2\gson-2.6.2.jar;C:\Users\LENOVO\.m2\repository\org\sonarsource\sslr\sslr-testing-harness\1.21\sslr-testing-harness-1.21.jar;C:\Users\LENOVO\.m2\repository\org\sonarsource\sslr\sslr-core\1.21\sslr-core-1.21.jar;C:\Users\LENOVO\.m2\repository\cglib\cglib-nodep\3.1\cglib-nodep-3.1.jar;C:\Users\LENOVO\.m2\repository\org\sonarsource\sslr\sslr-toolkit\1.21\sslr-toolkit-1.21.jar;C:\Users\LENOVO\.m2\repository\org\sonarsource\sslr\sslr-xpath\1.21\sslr-xpath-1.21.jar;C:\Users\LENOVO\.m2\repository\jaxen\jaxen\1.1.4\jaxen-1.1.4.jar;C:\Users\LENOVO\.m2\repository\org\codehaus\sonar\sonar-colorizer\3.7\sonar-colorizer-3.7.jar;C:\Users\LENOVO\.m2\repository\org\codehaus\sonar\sonar-channel\3.7\sonar-channel-3.7.jar;C:\Users\LENOVO\.m2\repository\commons-io\commons-io\2.4\commons-io-2.4.jar;C:\Users\LENOVO\.m2\repository\org\easytesting\fest-assert\1.4\fest-assert-1.4.jar;C:\Users\LENOVO\.m2\repository\org\easytesting\fest-util\1.1.6\fest-util-1.1.6.jar;C:\Users\LENOVO\.m2\repository\org\hamcrest\hamcrest-all\1.1\hamcrest-all-1.1.jar;C:\Users\LENOVO\.m2\repository\commons-lang\commons-lang\2.6\commons-lang-2.6.jar;C:\Users\LENOVO\.m2\repository\com\google\guava\guava\19.0\guava-19.0.jar;C:\Users\LENOVO\.m2\repository\org\slf4j\slf4j-api\1.6.2\slf4j-api-1.6.2.jar;C:\Users\LENOVO\.m2\repository\junit\junit\4.11\junit-4.11.jar;C:\Users\LENOVO\.m2\repository\org\hamcrest\hamcrest-core\1.3\hamcrest-core-1.3.jar;C:\Users\LENOVO\.m2\repository\org\assertj\assertj-core\3.6.1\assertj-core-3.6.1.jar;C:\Users\LENOVO\.m2\repository\ch\qos\logback\logback-classic\0.9.30\logback-classic-0.9.30.jar;C:\Users\LENOVO\.m2\repository\ch\qos\logback\logback-core\0.9.30\logback-core-0.9.30.jar;"/>
    <property name="sun.cpu.endian" value="little"/>
    <property name="user.home" value="C:\Users\LENOVO"/>
    <property name="user.language" value="en"/>
    <property name="java.specification.vendor" value="Oracle Corporation"/>
    <property name="java.version.date" value="2019-07-16"/>
    <property name="java.home" value="C:\Program Files\Java\jdk-11.0.4"/>
    <property name="file.separator" value="\"/>
    <property name="basedir" value="C:\Akhil_Folder\sonar-custom-rules-examples-master\java-custom-rules"/>
    <property name="java.vm.compressedOopsMode" value="32-bit"/>
    <property name="line.separator" value="&#10;"/>
    <property name="java.specification.name" value="Java Platform API Specification"/>
    <property name="java.vm.specification.vendor" value="Oracle Corporation"/>
    <property name="java.awt.graphicsenv" value="sun.awt.Win32GraphicsEnvironment"/>
    <property name="surefire.real.class.path" value="C:\Users\LENOVO\AppData\Local\Temp\surefire10778375591745893488\surefirebooter2796785548483613800.jar"/>
    <property name="user.script" value=""/>
    <property name="sun.management.compiler" value="HotSpot 64-Bit Tiered Compilers"/>
    <property name="java.runtime.version" value="11.0.4+10-LTS"/>
    <property name="user.name" value="LENOVO"/>
    <property name="path.separator" value=";"/>
    <property name="os.version" value="10.0"/>
    <property name="java.runtime.name" value="Java(TM) SE Runtime Environment"/>
    <property name="file.encoding" value="Cp1252"/>
    <property name="java.vm.name" value="Java HotSpot(TM) 64-Bit Server VM"/>
    <property name="java.vendor.version" value="18.9"/>
    <property name="localRepository" value="C:\Users\LENOVO\.m2\repository"/>
    <property name="java.vendor.url.bug" value="http://bugreport.java.com/bugreport/"/>
    <property name="java.io.tmpdir" value="C:\Users\LENOVO\AppData\Local\Temp\"/>
    <property name="java.version" value="11.0.4"/>
    <property name="user.dir" value="C:\Akhil_Folder\sonar-custom-rules-examples-master\java-custom-rules"/>
    <property name="os.arch" value="amd64"/>
    <property name="java.vm.specification.name" value="Java Virtual Machine Specification"/>
    <property name="java.awt.printerjob" value="sun.awt.windows.WPrinterJob"/>
    <property name="sun.os.patch.level" value=""/>
    <property name="java.library.path" value="C:\Program Files\Java\jdk-11.0.4\bin;C:\Windows\Sun\Java\bin;C:\Windows\system32;C:\Windows;C:/Program Files/Java/jre1.8.0_91/bin/server;C:/Program Files/Java/jre1.8.0_91/bin;C:/Program Files/Java/jre1.8.0_91/lib/amd64;C:\ProgramData\Oracle\Java\javapath;C:\ProgramData\DockerDesktop\version-bin;C:\Program Files\Docker\Docker\Resources\bin;C:\Python27\;C:\Python27\Scripts;C:\app\LENOVO\product\11.1.0\db_1\bin;C:\Windows\system32;C:\Windows;C:\Windows\System32\Wbem;C:\Windows\System32\WindowsPowerShell\v1.0\;C:\Windows\System32\OpenSSH\;C:\Program Files\Java\jdk-11.0.4\bin;C:\Program Files\Git\cmd;C:\ProgramData\chocolatey\bin;C:\Program Files\nodejs\;C:\Program Files (x86)\PuTTY\;C:\Program Files\apache-maven-3.6.3\bin;C:\Program Files\Java\jdk-11.0.4\bin;C:\Program Files\Java\jdk1.8.0_91\bin;C:\Program Files\MySQL\MySQL Shell 8.0\bin\;C:\Users\LENOVO\AppData\Local\Programs\Python\Python38\Scripts\;C:\Users\LENOVO\AppData\Local\Programs\Python\Python38\;C:\Users\LENOVO\AppData\Local\Programs\Python\Python38-32\Scripts\;C:\Users\LENOVO\AppData\Local\Programs\Python\Python38-32\;C:\Users\LENOVO\AppData\Local\Microsoft\WindowsApps;C:\Users\LENOVO\AppData\Local\Programs\Microsoft VS Code\bin;C:\Program Files\JetBrains\PyCharm Community Edition 2019.2.3\bin;C:\Users\LENOVO\AppData\Roaming\npm;C:\Users\LENOVO\AppData\Local\atom\bin;C:\Sonar\sonarqube-6.4\bin\windows-x86-64;;C:\java software\eclipse-jee-2019-09-R-win32-x86_64\eclipse;;."/>
    <property name="java.vendor" value="Oracle Corporation"/>
    <property name="java.vm.info" value="mixed mode"/>
    <property name="java.vm.version" value="11.0.4+10-LTS"/>
    <property name="sun.io.unicode.encoding" value="UnicodeLittle"/>
    <property name="java.class.version" value="55.0"/>
  </properties>
  <testcase name="check" classname="org.sonar.samples.java.checks.MyCustomSubscriptionRuleTest" time="0.164"/>
</testsuite>